[23-Nov-2017 16:29:46 UTC] PHP Fatal error:  Class 'Aluno' not found in /home/ubuntu/workspace/ci/application/models/post.php on line 3
[23-Nov-2017 16:29:46 UTC] PHP Stack trace:
[23-Nov-2017 16:29:46 UTC] PHP   1. {main}() /home/ubuntu/workspace/ci/index.php:0
[23-Nov-2017 16:29:46 UTC] PHP   2. require_once() /home/ubuntu/workspace/ci/index.php:315
[23-Nov-2017 16:29:46 UTC] PHP   3. call_user_func_array:{/home/ubuntu/workspace/ci/system/core/CodeIgniter.php:532}() /home/ubuntu/workspace/ci/system/core/CodeIgniter.php:532
[23-Nov-2017 16:29:46 UTC] PHP   4. Post->cadastrarAula() /home/ubuntu/workspace/ci/system/core/CodeIgniter.php:532
[23-Nov-2017 16:29:46 UTC] PHP   5. require_once() /home/ubuntu/workspace/ci/application/controllers/Post.php:18
[23-Nov-2017 16:31:22 UTC] PHP Fatal error:  Cannot redeclare class Post in /home/ubuntu/workspace/ci/application/models/post.php on line 3
[23-Nov-2017 16:31:22 UTC] PHP Stack trace:
[23-Nov-2017 16:31:22 UTC] PHP   1. {main}() /home/ubuntu/workspace/ci/index.php:0
[23-Nov-2017 16:31:22 UTC] PHP   2. require_once() /home/ubuntu/workspace/ci/index.php:315
[23-Nov-2017 16:31:22 UTC] PHP   3. call_user_func_array:{/home/ubuntu/workspace/ci/system/core/CodeIgniter.php:532}() /home/ubuntu/workspace/ci/system/core/CodeIgniter.php:532
[23-Nov-2017 16:31:22 UTC] PHP   4. Post->cadastrarAula() /home/ubuntu/workspace/ci/system/core/CodeIgniter.php:532
[23-Nov-2017 16:33:02 UTC] PHP Fatal error:  Class 'Aluno' not found in /home/ubuntu/workspace/ci/application/models/post.php on line 3
[23-Nov-2017 16:33:02 UTC] PHP Stack trace:
[23-Nov-2017 16:33:02 UTC] PHP   1. {main}() /home/ubuntu/workspace/ci/index.php:0
[23-Nov-2017 16:33:02 UTC] PHP   2. require_once() /home/ubuntu/workspace/ci/index.php:315
[23-Nov-2017 16:33:02 UTC] PHP   3. call_user_func_array:{/home/ubuntu/workspace/ci/system/core/CodeIgniter.php:532}() /home/ubuntu/workspace/ci/system/core/CodeIgniter.php:532
[23-Nov-2017 16:33:02 UTC] PHP   4. Post->cadastrarAula() /home/ubuntu/workspace/ci/system/core/CodeIgniter.php:532
[23-Nov-2017 16:33:02 UTC] PHP   5. require_once() /home/ubuntu/workspace/ci/application/controllers/Post.php:18
[23-Nov-2017 16:35:04 UTC] PHP Fatal error:  Class 'Aluno' not found in /home/ubuntu/workspace/ci/application/models/post.php on line 3
[23-Nov-2017 16:35:04 UTC] PHP Stack trace:
[23-Nov-2017 16:35:04 UTC] PHP   1. {main}() /home/ubuntu/workspace/ci/index.php:0
[23-Nov-2017 16:35:04 UTC] PHP   2. require_once() /home/ubuntu/workspace/ci/index.php:315
[23-Nov-2017 16:35:04 UTC] PHP   3. require_once() /home/ubuntu/workspace/ci/system/core/CodeIgniter.php:411
[23-Nov-2017 16:35:04 UTC] PHP   4. require_once() /home/ubuntu/workspace/ci/application/controllers/Post.php:4
[23-Nov-2017 16:35:08 UTC] PHP Fatal error:  Class 'Aluno' not found in /home/ubuntu/workspace/ci/application/models/post.php on line 3
[23-Nov-2017 16:35:08 UTC] PHP Stack trace:
[23-Nov-2017 16:35:08 UTC] PHP   1. {main}() /home/ubuntu/workspace/ci/index.php:0
[23-Nov-2017 16:35:08 UTC] PHP   2. require_once() /home/ubuntu/workspace/ci/index.php:315
[23-Nov-2017 16:35:08 UTC] PHP   3. require_once() /home/ubuntu/workspace/ci/system/core/CodeIgniter.php:411
[23-Nov-2017 16:35:08 UTC] PHP   4. require_once() /home/ubuntu/workspace/ci/application/controllers/Post.php:4
[23-Nov-2017 16:35:12 UTC] PHP Fatal error:  Class 'Aluno' not found in /home/ubuntu/workspace/ci/application/models/post.php on line 3
[23-Nov-2017 16:35:12 UTC] PHP Stack trace:
[23-Nov-2017 16:35:12 UTC] PHP   1. {main}() /home/ubuntu/workspace/ci/index.php:0
[23-Nov-2017 16:35:12 UTC] PHP   2. require_once() /home/ubuntu/workspace/ci/index.php:315
[23-Nov-2017 16:35:12 UTC] PHP   3. require_once() /home/ubuntu/workspace/ci/system/core/CodeIgniter.php:411
[23-Nov-2017 16:35:12 UTC] PHP   4. require_once() /home/ubuntu/workspace/ci/application/controllers/Post.php:4
[23-Nov-2017 16:35:17 UTC] PHP Fatal error:  Class 'Aluno' not found in /home/ubuntu/workspace/ci/application/models/post.php on line 3
[23-Nov-2017 16:35:17 UTC] PHP Stack trace:
[23-Nov-2017 16:35:17 UTC] PHP   1. {main}() /home/ubuntu/workspace/ci/index.php:0
[23-Nov-2017 16:35:17 UTC] PHP   2. require_once() /home/ubuntu/workspace/ci/index.php:315
[23-Nov-2017 16:35:17 UTC] PHP   3. require_once() /home/ubuntu/workspace/ci/system/core/CodeIgniter.php:411
[23-Nov-2017 16:35:17 UTC] PHP   4. require_once() /home/ubuntu/workspace/ci/application/controllers/Post.php:4
[23-Nov-2017 16:35:33 UTC] PHP Fatal error:  Class 'Aluno' not found in /home/ubuntu/workspace/ci/application/models/post.php on line 3
[23-Nov-2017 16:35:33 UTC] PHP Stack trace:
[23-Nov-2017 16:35:33 UTC] PHP   1. {main}() /home/ubuntu/workspace/ci/index.php:0
[23-Nov-2017 16:35:33 UTC] PHP   2. require_once() /home/ubuntu/workspace/ci/index.php:315
[23-Nov-2017 16:35:33 UTC] PHP   3. call_user_func_array:{/home/ubuntu/workspace/ci/system/core/CodeIgniter.php:532}() /home/ubuntu/workspace/ci/system/core/CodeIgniter.php:532
[23-Nov-2017 16:35:33 UTC] PHP   4. Post->cadastrarAula() /home/ubuntu/workspace/ci/system/core/CodeIgniter.php:532
[23-Nov-2017 16:35:33 UTC] PHP   5. require_once() /home/ubuntu/workspace/ci/application/controllers/Post.php:19
[23-Nov-2017 16:36:50 UTC] PHP Fatal error:  Class 'Aluno' not found in /home/ubuntu/workspace/ci/application/models/post.php on line 3
[23-Nov-2017 16:36:50 UTC] PHP Stack trace:
[23-Nov-2017 16:36:50 UTC] PHP   1. {main}() /home/ubuntu/workspace/ci/index.php:0
[23-Nov-2017 16:36:50 UTC] PHP   2. require_once() /home/ubuntu/workspace/ci/index.php:315
[23-Nov-2017 16:36:50 UTC] PHP   3. call_user_func_array:{/home/ubuntu/workspace/ci/system/core/CodeIgniter.php:532}() /home/ubuntu/workspace/ci/system/core/CodeIgniter.php:532
[23-Nov-2017 16:36:50 UTC] PHP   4. Post->cadastrarAula() /home/ubuntu/workspace/ci/system/core/CodeIgniter.php:532
[23-Nov-2017 16:36:50 UTC] PHP   5. require_once() /home/ubuntu/workspace/ci/application/controllers/Post.php:19
[23-Nov-2017 16:36:57 UTC] PHP Fatal error:  Class 'Aluno' not found in /home/ubuntu/workspace/ci/application/models/post.php on line 3
[23-Nov-2017 16:36:57 UTC] PHP Stack trace:
[23-Nov-2017 16:36:57 UTC] PHP   1. {main}() /home/ubuntu/workspace/ci/index.php:0
[23-Nov-2017 16:36:57 UTC] PHP   2. require_once() /home/ubuntu/workspace/ci/index.php:315
[23-Nov-2017 16:36:57 UTC] PHP   3. call_user_func_array:{/home/ubuntu/workspace/ci/system/core/CodeIgniter.php:532}() /home/ubuntu/workspace/ci/system/core/CodeIgniter.php:532
[23-Nov-2017 16:36:57 UTC] PHP   4. Post->cadastrarAula() /home/ubuntu/workspace/ci/system/core/CodeIgniter.php:532
[23-Nov-2017 16:36:57 UTC] PHP   5. require_once() /home/ubuntu/workspace/ci/application/controllers/Post.php:19
[23-Nov-2017 16:38:01 UTC] PHP Fatal error:  Class 'Aluno' not found in /home/ubuntu/workspace/ci/application/models/post.php on line 2
[23-Nov-2017 16:38:01 UTC] PHP Stack trace:
[23-Nov-2017 16:38:01 UTC] PHP   1. {main}() /home/ubuntu/workspace/ci/index.php:0
[23-Nov-2017 16:38:01 UTC] PHP   2. require_once() /home/ubuntu/workspace/ci/index.php:315
[23-Nov-2017 16:38:01 UTC] PHP   3. call_user_func_array:{/home/ubuntu/workspace/ci/system/core/CodeIgniter.php:532}() /home/ubuntu/workspace/ci/system/core/CodeIgniter.php:532
[23-Nov-2017 16:38:01 UTC] PHP   4. Post->cadastrarAula() /home/ubuntu/workspace/ci/system/core/CodeIgniter.php:532
[23-Nov-2017 16:38:01 UTC] PHP   5. require_once() /home/ubuntu/workspace/ci/application/controllers/Post.php:19
[23-Nov-2017 16:38:22 UTC] PHP Fatal error:  Cannot redeclare class Post in /home/ubuntu/workspace/ci/application/models/post.php on line 2
[23-Nov-2017 16:38:22 UTC] PHP Stack trace:
[23-Nov-2017 16:38:22 UTC] PHP   1. {main}() /home/ubuntu/workspace/ci/index.php:0
[23-Nov-2017 16:38:22 UTC] PHP   2. require_once() /home/ubuntu/workspace/ci/index.php:315
[23-Nov-2017 16:38:22 UTC] PHP   3. call_user_func_array:{/home/ubuntu/workspace/ci/system/core/CodeIgniter.php:532}() /home/ubuntu/workspace/ci/system/core/CodeIgniter.php:532
[23-Nov-2017 16:38:22 UTC] PHP   4. Post->cadastrarAula() /home/ubuntu/workspace/ci/system/core/CodeIgniter.php:532
[23-Nov-2017 16:38:22 UTC] PHP   5. require_once() /home/ubuntu/workspace/ci/application/controllers/Post.php:19
[25-Nov-2017 11:52:37 UTC] PHP Fatal error:  Call to a member function getUser() on a non-object in /home/ubuntu/workspace/ci/application/controllers/Aluno.php on line 53
[25-Nov-2017 23:34:39 UTC] PHP Fatal error:  Class 'Usuario' not found in /home/ubuntu/workspace/ci/application/models/adm.php on line 3
[25-Nov-2017 23:37:38 UTC] PHP Fatal error:  Cannot redeclare class Adm in /home/ubuntu/workspace/ci/application/models/adm.php on line 0
[25-Nov-2017 23:41:58 UTC] PHP Fatal error:  Call to a member function getUser() on a non-object in /home/ubuntu/workspace/ci/application/controllers/Adm.php on line 31
[26-Nov-2017 00:41:46 UTC] PHP Fatal error:  Class 'Usuario' not found in /home/ubuntu/workspace/ci/application/models/aluno.php on line 2
[26-Nov-2017 00:50:04 UTC] PHP Fatal error:  Class AlunoModel contains 1 abstract method and must therefore be declared abstract or implement the remaining methods (Usuario::auth) in /home/ubuntu/workspace/ci/application/models/aluno.php on line 26
[26-Nov-2017 00:53:20 UTC] PHP Fatal error:  Class AdmModel contains 1 abstract method and must therefore be declared abstract or implement the remaining methods (Usuario::auth) in /home/ubuntu/workspace/ci/application/models/adm.php on line 0
[28-Nov-2017 17:22:55 UTC] PHP Fatal error:  Call to undefined function pg_fetch() in /home/ubuntu/workspace/ci/application/views/feed.php on line 88
[28-Nov-2017 17:22:55 UTC] PHP Stack trace:
[28-Nov-2017 17:22:55 UTC] PHP   1. {main}() /home/ubuntu/workspace/ci/index.php:0
[28-Nov-2017 17:22:55 UTC] PHP   2. require_once() /home/ubuntu/workspace/ci/index.php:315
[28-Nov-2017 17:22:55 UTC] PHP   3. call_user_func_array:{/home/ubuntu/workspace/ci/system/core/CodeIgniter.php:532}() /home/ubuntu/workspace/ci/system/core/CodeIgniter.php:532
[28-Nov-2017 17:22:55 UTC] PHP   4. Feed->dashboard() /home/ubuntu/workspace/ci/system/core/CodeIgniter.php:532
[28-Nov-2017 17:22:55 UTC] PHP   5. CI_Loader->view() /home/ubuntu/workspace/ci/application/controllers/Feed.php:14
[28-Nov-2017 17:22:55 UTC] PHP   6. CI_Loader->_ci_load() /home/ubuntu/workspace/ci/system/core/Loader.php:489
[28-Nov-2017 17:22:55 UTC] PHP   7. include() /home/ubuntu/workspace/ci/system/core/Loader.php:962
[28-Nov-2017 17:52:07 UTC] PHP Fatal error:  Can't use function return value in write context in /home/ubuntu/workspace/ci/application/views/feed.php on line 115
[28-Nov-2017 17:52:07 UTC] PHP Stack trace:
[28-Nov-2017 17:52:07 UTC] PHP   1. {main}() /home/ubuntu/workspace/ci/index.php:0
[28-Nov-2017 17:52:07 UTC] PHP   2. require_once() /home/ubuntu/workspace/ci/index.php:315
[28-Nov-2017 17:52:07 UTC] PHP   3. call_user_func_array:{/home/ubuntu/workspace/ci/system/core/CodeIgniter.php:532}() /home/ubuntu/workspace/ci/system/core/CodeIgniter.php:532
[28-Nov-2017 17:52:07 UTC] PHP   4. Feed->dashboard() /home/ubuntu/workspace/ci/system/core/CodeIgniter.php:532
[28-Nov-2017 17:52:07 UTC] PHP   5. CI_Loader->view() /home/ubuntu/workspace/ci/application/controllers/Feed.php:14
[28-Nov-2017 17:52:07 UTC] PHP   6. CI_Loader->_ci_load() /home/ubuntu/workspace/ci/system/core/Loader.php:489
[28-Nov-2017 17:52:12 UTC] PHP Fatal error:  Can't use function return value in write context in /home/ubuntu/workspace/ci/application/views/feed.php on line 115
[28-Nov-2017 17:52:12 UTC] PHP Stack trace:
[28-Nov-2017 17:52:12 UTC] PHP   1. {main}() /home/ubuntu/workspace/ci/index.php:0
[28-Nov-2017 17:52:12 UTC] PHP   2. require_once() /home/ubuntu/workspace/ci/index.php:315
[28-Nov-2017 17:52:12 UTC] PHP   3. call_user_func_array:{/home/ubuntu/workspace/ci/system/core/CodeIgniter.php:532}() /home/ubuntu/workspace/ci/system/core/CodeIgniter.php:532
[28-Nov-2017 17:52:12 UTC] PHP   4. Feed->dashboard() /home/ubuntu/workspace/ci/system/core/CodeIgniter.php:532
[28-Nov-2017 17:52:12 UTC] PHP   5. CI_Loader->view() /home/ubuntu/workspace/ci/application/controllers/Feed.php:14
[28-Nov-2017 17:52:12 UTC] PHP   6. CI_Loader->_ci_load() /home/ubuntu/workspace/ci/system/core/Loader.php:489
[02-Dec-2017 23:20:39 UTC] PHP Fatal error:  Call to undefined function __construct() in /home/ubuntu/workspace/ci/application/controllers/Feed.php on line 13
[02-Dec-2017 23:20:39 UTC] PHP Stack trace:
[02-Dec-2017 23:20:39 UTC] PHP   1. {main}() /home/ubuntu/workspace/ci/index.php:0
[02-Dec-2017 23:20:39 UTC] PHP   2. require_once() /home/ubuntu/workspace/ci/index.php:315
[02-Dec-2017 23:20:39 UTC] PHP   3. Feed->__construct() /home/ubuntu/workspace/ci/system/core/CodeIgniter.php:518
[02-Dec-2017 23:20:41 UTC] PHP Fatal error:  Call to undefined function __construct() in /home/ubuntu/workspace/ci/application/controllers/Feed.php on line 13
[02-Dec-2017 23:20:41 UTC] PHP Stack trace:
[02-Dec-2017 23:20:41 UTC] PHP   1. {main}() /home/ubuntu/workspace/ci/index.php:0
[02-Dec-2017 23:20:41 UTC] PHP   2. require_once() /home/ubuntu/workspace/ci/index.php:315
[02-Dec-2017 23:20:41 UTC] PHP   3. Feed->__construct() /home/ubuntu/workspace/ci/system/core/CodeIgniter.php:518
[02-Dec-2017 23:29:22 UTC] PHP Parse error:  syntax error, unexpected end of file in /home/ubuntu/workspace/ci/application/views/feed.php on line 164
[02-Dec-2017 23:29:22 UTC] PHP Stack trace:
[02-Dec-2017 23:29:22 UTC] PHP   1. {main}() /home/ubuntu/workspace/ci/index.php:0
[02-Dec-2017 23:29:22 UTC] PHP   2. require_once() /home/ubuntu/workspace/ci/index.php:315
[02-Dec-2017 23:29:22 UTC] PHP   3. call_user_func_array:{/home/ubuntu/workspace/ci/system/core/CodeIgniter.php:532}() /home/ubuntu/workspace/ci/system/core/CodeIgniter.php:532
[02-Dec-2017 23:29:22 UTC] PHP   4. Feed->dashboard() /home/ubuntu/workspace/ci/system/core/CodeIgniter.php:532
[02-Dec-2017 23:29:22 UTC] PHP   5. CI_Loader->view() /home/ubuntu/workspace/ci/application/controllers/Feed.php:15
[02-Dec-2017 23:29:22 UTC] PHP   6. CI_Loader->_ci_load() /home/ubuntu/workspace/ci/system/core/Loader.php:489
[02-Dec-2017 23:29:25 UTC] PHP Parse error:  syntax error, unexpected end of file in /home/ubuntu/workspace/ci/application/views/feed.php on line 164
[02-Dec-2017 23:29:25 UTC] PHP Stack trace:
[02-Dec-2017 23:29:25 UTC] PHP   1. {main}() /home/ubuntu/workspace/ci/index.php:0
[02-Dec-2017 23:29:25 UTC] PHP   2. require_once() /home/ubuntu/workspace/ci/index.php:315
[02-Dec-2017 23:29:25 UTC] PHP   3. call_user_func_array:{/home/ubuntu/workspace/ci/system/core/CodeIgniter.php:532}() /home/ubuntu/workspace/ci/system/core/CodeIgniter.php:532
[02-Dec-2017 23:29:25 UTC] PHP   4. Feed->dashboard() /home/ubuntu/workspace/ci/system/core/CodeIgniter.php:532
[02-Dec-2017 23:29:25 UTC] PHP   5. CI_Loader->view() /home/ubuntu/workspace/ci/application/controllers/Feed.php:15
[02-Dec-2017 23:29:25 UTC] PHP   6. CI_Loader->_ci_load() /home/ubuntu/workspace/ci/system/core/Loader.php:489
[03-Dec-2017 16:00:39 UTC] PHP Fatal error:  Cannot redeclare class Feed in /home/ubuntu/workspace/ci/application/models/feed.php on line 0
[03-Dec-2017 16:00:39 UTC] PHP Stack trace:
[03-Dec-2017 16:00:39 UTC] PHP   1. {main}() /home/ubuntu/workspace/ci/index.php:0
[03-Dec-2017 16:00:39 UTC] PHP   2. require_once() /home/ubuntu/workspace/ci/index.php:315
[03-Dec-2017 16:00:39 UTC] PHP   3. require_once() /home/ubuntu/workspace/ci/system/core/CodeIgniter.php:411
[03-Dec-2017 16:00:45 UTC] PHP Fatal error:  Cannot redeclare class Feed in /home/ubuntu/workspace/ci/application/models/feed.php on line 0
[03-Dec-2017 16:00:45 UTC] PHP Stack trace:
[03-Dec-2017 16:00:45 UTC] PHP   1. {main}() /home/ubuntu/workspace/ci/index.php:0
[03-Dec-2017 16:00:45 UTC] PHP   2. require_once() /home/ubuntu/workspace/ci/index.php:315
[03-Dec-2017 16:00:45 UTC] PHP   3. require_once() /home/ubuntu/workspace/ci/system/core/CodeIgniter.php:411
[03-Dec-2017 16:01:20 UTC] PHP Fatal error:  require_once(): Failed opening required '/home/ubuntu/workspace/ci/application/models/Feed.php' (include_path='.:/usr/share/php:/usr/share/pear') in /home/ubuntu/workspace/ci/application/controllers/Feed.php on line 4
[03-Dec-2017 16:01:20 UTC] PHP Stack trace:
[03-Dec-2017 16:01:20 UTC] PHP   1. {main}() /home/ubuntu/workspace/ci/index.php:0
[03-Dec-2017 16:01:20 UTC] PHP   2. require_once() /home/ubuntu/workspace/ci/index.php:315
[03-Dec-2017 16:01:20 UTC] PHP   3. require_once() /home/ubuntu/workspace/ci/system/core/CodeIgniter.php:411
[03-Dec-2017 16:03:41 UTC] PHP Fatal error:  Cannot redeclare class Feed in /home/ubuntu/workspace/ci/application/models/feed.php on line 0
[03-Dec-2017 16:03:41 UTC] PHP Stack trace:
[03-Dec-2017 16:03:41 UTC] PHP   1. {main}() /home/ubuntu/workspace/ci/index.php:0
[03-Dec-2017 16:03:41 UTC] PHP   2. require_once() /home/ubuntu/workspace/ci/index.php:315
[03-Dec-2017 16:03:41 UTC] PHP   3. require_once() /home/ubuntu/workspace/ci/system/core/CodeIgniter.php:411
[03-Dec-2017 17:22:47 UTC] PHP Fatal error:  Call to a member function model() on a non-object in /home/ubuntu/workspace/ci/application/controllers/Feed.php on line 8
[03-Dec-2017 17:22:47 UTC] PHP Stack trace:
[03-Dec-2017 17:22:47 UTC] PHP   1. {main}() /home/ubuntu/workspace/ci/index.php:0
[03-Dec-2017 17:22:47 UTC] PHP   2. require_once() /home/ubuntu/workspace/ci/index.php:315
[03-Dec-2017 17:22:47 UTC] PHP   3. Feed->__construct() /home/ubuntu/workspace/ci/system/core/CodeIgniter.php:518
[03-Dec-2017 17:23:14 UTC] PHP Fatal error:  Call to a member function model() on a non-object in /home/ubuntu/workspace/ci/application/controllers/Feed.php on line 8
[03-Dec-2017 17:23:14 UTC] PHP Stack trace:
[03-Dec-2017 17:23:14 UTC] PHP   1. {main}() /home/ubuntu/workspace/ci/index.php:0
[03-Dec-2017 17:23:14 UTC] PHP   2. require_once() /home/ubuntu/workspace/ci/index.php:315
[03-Dec-2017 17:23:14 UTC] PHP   3. Feed->__construct() /home/ubuntu/workspace/ci/system/core/CodeIgniter.php:518
[03-Dec-2017 17:23:17 UTC] PHP Fatal error:  Call to a member function model() on a non-object in /home/ubuntu/workspace/ci/application/controllers/Feed.php on line 8
[03-Dec-2017 17:23:17 UTC] PHP Stack trace:
[03-Dec-2017 17:23:17 UTC] PHP   1. {main}() /home/ubuntu/workspace/ci/index.php:0
[03-Dec-2017 17:23:17 UTC] PHP   2. require_once() /home/ubuntu/workspace/ci/index.php:315
[03-Dec-2017 17:23:17 UTC] PHP   3. Feed->__construct() /home/ubuntu/workspace/ci/system/core/CodeIgniter.php:518
[03-Dec-2017 17:23:45 UTC] PHP Fatal error:  Class 'PostModel' not found in /home/ubuntu/workspace/ci/application/models/feed.php on line 3
[03-Dec-2017 17:23:45 UTC] PHP Stack trace:
[03-Dec-2017 17:23:45 UTC] PHP   1. {main}() /home/ubuntu/workspace/ci/index.php:0
[03-Dec-2017 17:23:45 UTC] PHP   2. require_once() /home/ubuntu/workspace/ci/index.php:315
[03-Dec-2017 17:23:45 UTC] PHP   3. require_once() /home/ubuntu/workspace/ci/system/core/CodeIgniter.php:411
[03-Dec-2017 17:23:45 UTC] PHP   4. require_once() /home/ubuntu/workspace/ci/application/controllers/Feed.php:3
[03-Dec-2017 17:23:47 UTC] PHP Fatal error:  Class 'PostModel' not found in /home/ubuntu/workspace/ci/application/models/feed.php on line 3
[03-Dec-2017 17:23:47 UTC] PHP Stack trace:
[03-Dec-2017 17:23:47 UTC] PHP   1. {main}() /home/ubuntu/workspace/ci/index.php:0
[03-Dec-2017 17:23:47 UTC] PHP   2. require_once() /home/ubuntu/workspace/ci/index.php:315
[03-Dec-2017 17:23:47 UTC] PHP   3. require_once() /home/ubuntu/workspace/ci/system/core/CodeIgniter.php:411
[03-Dec-2017 17:23:47 UTC] PHP   4. require_once() /home/ubuntu/workspace/ci/application/controllers/Feed.php:3
[03-Dec-2017 17:24:19 UTC] PHP Fatal error:  Class 'CI_Model' not found in /home/ubuntu/workspace/ci/application/models/feed.php on line 3
[03-Dec-2017 17:24:19 UTC] PHP Stack trace:
[03-Dec-2017 17:24:19 UTC] PHP   1. {main}() /home/ubuntu/workspace/ci/index.php:0
[03-Dec-2017 17:24:19 UTC] PHP   2. require_once() /home/ubuntu/workspace/ci/index.php:315
[03-Dec-2017 17:24:19 UTC] PHP   3. require_once() /home/ubuntu/workspace/ci/system/core/CodeIgniter.php:411
[03-Dec-2017 17:24:19 UTC] PHP   4. require_once() /home/ubuntu/workspace/ci/application/controllers/Feed.php:3
[03-Dec-2017 17:24:21 UTC] PHP Fatal error:  Class 'CI_Model' not found in /home/ubuntu/workspace/ci/application/models/feed.php on line 3
[03-Dec-2017 17:24:21 UTC] PHP Stack trace:
[03-Dec-2017 17:24:21 UTC] PHP   1. {main}() /home/ubuntu/workspace/ci/index.php:0
[03-Dec-2017 17:24:21 UTC] PHP   2. require_once() /home/ubuntu/workspace/ci/index.php:315
[03-Dec-2017 17:24:21 UTC] PHP   3. require_once() /home/ubuntu/workspace/ci/system/core/CodeIgniter.php:411
[03-Dec-2017 17:24:21 UTC] PHP   4. require_once() /home/ubuntu/workspace/ci/application/controllers/Feed.php:3
[03-Dec-2017 17:27:05 UTC] PHP Fatal error:  Cannot redeclare class Feed in /home/ubuntu/workspace/ci/application/models/feed.php on line 3
[03-Dec-2017 17:27:05 UTC] PHP Stack trace:
[03-Dec-2017 17:27:05 UTC] PHP   1. {main}() /home/ubuntu/workspace/ci/index.php:0
[03-Dec-2017 17:27:05 UTC] PHP   2. require_once() /home/ubuntu/workspace/ci/index.php:315
[03-Dec-2017 17:27:05 UTC] PHP   3. require_once() /home/ubuntu/workspace/ci/system/core/CodeIgniter.php:411
[03-Dec-2017 17:27:18 UTC] PHP Fatal error:  Class 'PostModel' not found in /home/ubuntu/workspace/ci/application/models/feed.php on line 3
[03-Dec-2017 17:27:18 UTC] PHP Stack trace:
[03-Dec-2017 17:27:18 UTC] PHP   1. {main}() /home/ubuntu/workspace/ci/index.php:0
[03-Dec-2017 17:27:18 UTC] PHP   2. require_once() /home/ubuntu/workspace/ci/index.php:315
[03-Dec-2017 17:27:18 UTC] PHP   3. require_once() /home/ubuntu/workspace/ci/system/core/CodeIgniter.php:411
[03-Dec-2017 17:27:18 UTC] PHP   4. require_once() /home/ubuntu/workspace/ci/application/controllers/Feed.php:3
[03-Dec-2017 17:28:03 UTC] PHP Fatal error:  Class 'PostModel' not found in /home/ubuntu/workspace/ci/application/models/feed.php on line 3
[03-Dec-2017 17:28:03 UTC] PHP Stack trace:
[03-Dec-2017 17:28:03 UTC] PHP   1. {main}() /home/ubuntu/workspace/ci/index.php:0
[03-Dec-2017 17:28:03 UTC] PHP   2. require_once() /home/ubuntu/workspace/ci/index.php:315
[03-Dec-2017 17:28:03 UTC] PHP   3. require_once() /home/ubuntu/workspace/ci/system/core/CodeIgniter.php:411
[03-Dec-2017 17:28:03 UTC] PHP   4. require_once() /home/ubuntu/workspace/ci/application/controllers/Feed.php:3
[03-Dec-2017 17:28:06 UTC] PHP Fatal error:  Class 'PostModel' not found in /home/ubuntu/workspace/ci/application/models/feed.php on line 3
[03-Dec-2017 17:28:06 UTC] PHP Stack trace:
[03-Dec-2017 17:28:06 UTC] PHP   1. {main}() /home/ubuntu/workspace/ci/index.php:0
[03-Dec-2017 17:28:06 UTC] PHP   2. require_once() /home/ubuntu/workspace/ci/index.php:315
[03-Dec-2017 17:28:06 UTC] PHP   3. require_once() /home/ubuntu/workspace/ci/system/core/CodeIgniter.php:411
[03-Dec-2017 17:28:06 UTC] PHP   4. require_once() /home/ubuntu/workspace/ci/application/controllers/Feed.php:3
[03-Dec-2017 17:28:15 UTC] PHP Fatal error:  Class 'PostModel' not found in /home/ubuntu/workspace/ci/application/models/feed.php on line 3
[03-Dec-2017 17:28:15 UTC] PHP Stack trace:
[03-Dec-2017 17:28:15 UTC] PHP   1. {main}() /home/ubuntu/workspace/ci/index.php:0
[03-Dec-2017 17:28:15 UTC] PHP   2. require_once() /home/ubuntu/workspace/ci/index.php:315
[03-Dec-2017 17:28:15 UTC] PHP   3. require_once() /home/ubuntu/workspace/ci/system/core/CodeIgniter.php:411
[03-Dec-2017 17:28:15 UTC] PHP   4. require_once() /home/ubuntu/workspace/ci/application/controllers/Feed.php:3
[03-Dec-2017 17:28:27 UTC] PHP Fatal error:  Class 'PostModel' not found in /home/ubuntu/workspace/ci/application/models/feed.php on line 3
[03-Dec-2017 17:28:27 UTC] PHP Stack trace:
[03-Dec-2017 17:28:27 UTC] PHP   1. {main}() /home/ubuntu/workspace/ci/index.php:0
[03-Dec-2017 17:28:27 UTC] PHP   2. require_once() /home/ubuntu/workspace/ci/index.php:315
[03-Dec-2017 17:28:27 UTC] PHP   3. require_once() /home/ubuntu/workspace/ci/system/core/CodeIgniter.php:411
[03-Dec-2017 17:28:27 UTC] PHP   4. require_once() /home/ubuntu/workspace/ci/application/controllers/Feed.php:3
[03-Dec-2017 17:28:36 UTC] PHP Fatal error:  Class 'PostModel' not found in /home/ubuntu/workspace/ci/application/models/feed.php on line 3
[03-Dec-2017 17:28:36 UTC] PHP Stack trace:
[03-Dec-2017 17:28:36 UTC] PHP   1. {main}() /home/ubuntu/workspace/ci/index.php:0
[03-Dec-2017 17:28:36 UTC] PHP   2. require_once() /home/ubuntu/workspace/ci/index.php:315
[03-Dec-2017 17:28:36 UTC] PHP   3. require_once() /home/ubuntu/workspace/ci/system/core/CodeIgniter.php:411
[03-Dec-2017 17:28:36 UTC] PHP   4. require_once() /home/ubuntu/workspace/ci/application/controllers/Feed.php:3
[03-Dec-2017 17:28:39 UTC] PHP Fatal error:  Class 'PostModel' not found in /home/ubuntu/workspace/ci/application/models/feed.php on line 3
[03-Dec-2017 17:28:39 UTC] PHP Stack trace:
[03-Dec-2017 17:28:39 UTC] PHP   1. {main}() /home/ubuntu/workspace/ci/index.php:0
[03-Dec-2017 17:28:39 UTC] PHP   2. require_once() /home/ubuntu/workspace/ci/index.php:315
[03-Dec-2017 17:28:39 UTC] PHP   3. require_once() /home/ubuntu/workspace/ci/system/core/CodeIgniter.php:411
[03-Dec-2017 17:28:39 UTC] PHP   4. require_once() /home/ubuntu/workspace/ci/application/controllers/Feed.php:3
[03-Dec-2017 17:31:09 UTC] PHP Fatal error:  Class 'CI_Model' not found in /home/ubuntu/workspace/ci/application/models/feed.php on line 3
[03-Dec-2017 17:31:09 UTC] PHP Stack trace:
[03-Dec-2017 17:31:09 UTC] PHP   1. {main}() /home/ubuntu/workspace/ci/index.php:0
[03-Dec-2017 17:31:09 UTC] PHP   2. require_once() /home/ubuntu/workspace/ci/index.php:315
[03-Dec-2017 17:31:09 UTC] PHP   3. require_once() /home/ubuntu/workspace/ci/system/core/CodeIgniter.php:411
[03-Dec-2017 17:31:09 UTC] PHP   4. require_once() /home/ubuntu/workspace/ci/application/controllers/Feed.php:3
[03-Dec-2017 17:32:01 UTC] PHP Fatal error:  Class 'CI_Model' not found in /home/ubuntu/workspace/ci/application/models/feed.php on line 3
[03-Dec-2017 17:32:01 UTC] PHP Stack trace:
[03-Dec-2017 17:32:01 UTC] PHP   1. {main}() /home/ubuntu/workspace/ci/index.php:0
[03-Dec-2017 17:32:01 UTC] PHP   2. require_once() /home/ubuntu/workspace/ci/index.php:315
[03-Dec-2017 17:32:01 UTC] PHP   3. require_once() /home/ubuntu/workspace/ci/system/core/CodeIgniter.php:411
[03-Dec-2017 17:32:01 UTC] PHP   4. require_once() /home/ubuntu/workspace/ci/application/controllers/Feed.php:3
[03-Dec-2017 17:32:04 UTC] PHP Fatal error:  Class 'CI_Model' not found in /home/ubuntu/workspace/ci/application/models/feed.php on line 3
[03-Dec-2017 17:32:04 UTC] PHP Stack trace:
[03-Dec-2017 17:32:04 UTC] PHP   1. {main}() /home/ubuntu/workspace/ci/index.php:0
[03-Dec-2017 17:32:04 UTC] PHP   2. require_once() /home/ubuntu/workspace/ci/index.php:315
[03-Dec-2017 17:32:04 UTC] PHP   3. require_once() /home/ubuntu/workspace/ci/system/core/CodeIgniter.php:411
[03-Dec-2017 17:32:04 UTC] PHP   4. require_once() /home/ubuntu/workspace/ci/application/controllers/Feed.php:3
[03-Dec-2017 17:35:59 UTC] PHP Fatal error:  Class 'CI_Model' not found in /home/ubuntu/workspace/ci/application/models/feed.php on line 3
[03-Dec-2017 17:35:59 UTC] PHP Stack trace:
[03-Dec-2017 17:35:59 UTC] PHP   1. {main}() /home/ubuntu/workspace/ci/index.php:0
[03-Dec-2017 17:35:59 UTC] PHP   2. require_once() /home/ubuntu/workspace/ci/index.php:315
[03-Dec-2017 17:35:59 UTC] PHP   3. require_once() /home/ubuntu/workspace/ci/system/core/CodeIgniter.php:411
[03-Dec-2017 17:35:59 UTC] PHP   4. require_once() /home/ubuntu/workspace/ci/application/controllers/Feed.php:3
[03-Dec-2017 17:36:24 UTC] PHP Fatal error:  Class 'PostModel' not found in /home/ubuntu/workspace/ci/application/models/feed.php on line 3
[03-Dec-2017 17:36:24 UTC] PHP Stack trace:
[03-Dec-2017 17:36:24 UTC] PHP   1. {main}() /home/ubuntu/workspace/ci/index.php:0
[03-Dec-2017 17:36:24 UTC] PHP   2. require_once() /home/ubuntu/workspace/ci/index.php:315
[03-Dec-2017 17:36:24 UTC] PHP   3. require_once() /home/ubuntu/workspace/ci/system/core/CodeIgniter.php:411
[03-Dec-2017 17:36:24 UTC] PHP   4. require_once() /home/ubuntu/workspace/ci/application/controllers/Feed.php:3
[03-Dec-2017 17:36:27 UTC] PHP Fatal error:  Class 'PostModel' not found in /home/ubuntu/workspace/ci/application/models/feed.php on line 3
[03-Dec-2017 17:36:27 UTC] PHP Stack trace:
[03-Dec-2017 17:36:27 UTC] PHP   1. {main}() /home/ubuntu/workspace/ci/index.php:0
[03-Dec-2017 17:36:27 UTC] PHP   2. require_once() /home/ubuntu/workspace/ci/index.php:315
[03-Dec-2017 17:36:27 UTC] PHP   3. require_once() /home/ubuntu/workspace/ci/system/core/CodeIgniter.php:411
[03-Dec-2017 17:36:27 UTC] PHP   4. require_once() /home/ubuntu/workspace/ci/application/controllers/Feed.php:3
[03-Dec-2017 23:10:35 UTC] PHP Fatal error:  Class AlunoModel contains 1 abstract method and must therefore be declared abstract or implement the remaining methods (Usuario::auth) in /home/ubuntu/workspace/ci/application/models/aluno.php on line 42
[03-Dec-2017 23:33:56 UTC] PHP Parse error:  syntax error, unexpected 'public' (T_PUBLIC) in /home/ubuntu/workspace/ci/application/controllers/Aluno.php on line 31
[03-Dec-2017 23:34:30 UTC] PHP Fatal error:  Class 'CI_Controllerz' not found in /home/ubuntu/workspace/ci/application/controllers/Aluno.php on line 5
[03-Dec-2017 23:35:20 UTC] PHP Parse error:  syntax error, unexpected '}' in /home/ubuntu/workspace/ci/application/models/aluno.php on line 30
[03-Dec-2017 23:35:45 UTC] PHP Parse error:  syntax error, unexpected '}' in /home/ubuntu/workspace/ci/application/models/aluno.php on line 30
[03-Dec-2017 23:36:16 UTC] PHP Parse error:  syntax error, unexpected '}' in /home/ubuntu/workspace/ci/application/models/aluno.php on line 28
[03-Dec-2017 23:36:32 UTC] PHP Fatal error:  Class AlunoModel contains 1 abstract method and must therefore be declared abstract or implement the remaining methods (Usuario::auth) in /home/ubuntu/workspace/ci/application/models/aluno.php on line 27
[03-Dec-2017 23:37:23 UTC] PHP Fatal error:  Non-abstract method Usuario::auth() must contain body in /home/ubuntu/workspace/ci/application/models/usuario.php on line 33
